<?xml version="1.0" encoding="UTF-8"?>
<!-- Generated by org.testng.reporters.JUnitReportReporter -->
<testsuite skipped="0" hostname="DESKTOP-CUOOB7B" name="SelBasic.FirstTestScript" tests="1" failures="0" timestamp="12 May 2018 03:04:41 GMT" time="24.809" errors="0">
  <testcase name="testMytest" time="24.809" classname="SelBasic.FirstTestScript"/>
</testsuite> <!-- SelBasic.FirstTestScript -->
