<?xml version="1.0" encoding="UTF-8"?>
<!-- Generated by org.testng.reporters.JUnitReportReporter -->
<testsuite skipped="0" hostname="DESKTOP-CUOOB7B" name="selenium_basic.TestExcel" tests="2" failures="0" timestamp="09 Aug 2017 17:53:45 GMT" time="0.010" errors="0">
  <testcase name="validate_login" time="0.009" classname="selenium_basic.TestExcel"/>
  <testcase name="validate_login" time="0.001" classname="selenium_basic.TestExcel"/>
</testsuite> <!-- selenium_basic.TestExcel -->
